#
# A fatal error has been detected by the Java Runtime Environment:
#
#  EXCEPTION_UNCAUGHT_CXX_EXCEPTION (0xe06d7363) at pc=0x00007ff9f7ff567c, pid=26268, tid=12868
#
# JRE version: OpenJDK Runtime Environment Temurin-17.0.6+10 (17.0.6+10) (build 17.0.6+10)
# Java VM: OpenJDK 64-Bit Server VM Temurin-17.0.6+10 (17.0.6+10, mixed mode, tiered, compressed oops, compressed class ptrs, g1 gc, windows-amd64)
# Problematic frame:
# C  [KERNELBASE.dll+0x6567c]
#
# No core dump will be written. Minidumps are not enabled by default on client versions of Windows
#
# If you would like to submit a bug report, please visit:
#   https://github.com/adoptium/adoptium-support/issues
#

---------------  S U M M A R Y ------------

Command Line: -Dfile.encoding=UTF-8 -XX:+ShowCodeDetailsInExceptionMessages quiz.application.Login

Host: AMD Ryzen 5 3500U with Radeon Vega Mobile Gfx  , 8 cores, 5G,  Windows 11 , 64 bit Build 22621 (10.0.22621.2506)
Time: Wed Dec 27 17:40:44 2023 India Standard Time elapsed time: 0.321329 seconds (0d 0h 0m 0s)

---------------  T H R E A D  ---------------

Current thread (0x0000021cdeafbbb0):  JavaThread "main" [_thread_in_vm, id=12868, stack(0x00000098cf700000,0x00000098cf800000)]

Stack: [0x00000098cf700000,0x00000098cf800000],  sp=0x00000098cf7fd560,  free space=1013k
Native frames: (J=compiled Java code, j=interpreted, Vv=VM code, C=native code)
C  [KERNELBASE.dll+0x6567c]
C  [VCRUNTIME140.dll+0x6220]
C  [jimage.dll+0x32a7]
C  [jimage.dll+0x2a15]
C  [jimage.dll+0x145b]
C  [jimage.dll+0x1e97]
C  [jimage.dll+0x1f2e]
C  [jimage.dll+0x2666]
V  [jvm.dll+0x1f238d]
V  [jvm.dll+0x1f0fb2]
V  [jvm.dll+0x7aea1b]
V  [jvm.dll+0x7afdc2]
V  [jvm.dll+0x7b0559]
V  [jvm.dll+0x1eb654]
V  [jvm.dll+0x1e085a]
V  [jvm.dll+0x53c6d0]
V  [jvm.dll+0x1f1017]
V  [jvm.dll+0x7aea1b]
V  [jvm.dll+0x7afdc2]
V  [jvm.dll+0x7b00f8]
V  [jvm.dll+0x23dbbe]
V  [jvm.dll+0x37ecce]
C  0x0000021ce96fb5a5

Java frames: (J=compiled Java code, j=interpreted, Vv=VM code)
j  javax.swing.UIManager.setLookAndFeel(Ljava/lang/String;)V+9 java.desktop@17.0.6
j  javax.swing.UIManager.initializeDefaultLAF(Ljava/util/Properties;)V+58 java.desktop@17.0.6
j  javax.swing.UIManager.initialize()V+9 java.desktop@17.0.6
j  javax.swing.UIManager.maybeInitialize()V+22 java.desktop@17.0.6
j  javax.swing.UIManager.getUI(Ljavax/swing/JComponent;)Ljavax/swing/plaf/ComponentUI;+0 java.desktop@17.0.6
j  javax.swing.JPanel.updateUI()V+2 java.desktop@17.0.6
j  javax.swing.JPanel.<init>(Ljava/awt/LayoutManager;Z)V+24 java.desktop@17.0.6
j  javax.swing.JPanel.<init>(Z)V+9 java.desktop@17.0.6
j  javax.swing.JPanel.<init>()V+2 java.desktop@17.0.6
j  javax.swing.JRootPane.createGlassPane()Ljava/awt/Component;+4 java.desktop@17.0.6
j  javax.swing.JRootPane.<init>()V+11 java.desktop@17.0.6
j  javax.swing.JFrame.createRootPane()Ljavax/swing/JRootPane;+4 java.desktop@17.0.6
j  javax.swing.JFrame.frameInit()V+16 java.desktop@17.0.6
j  javax.swing.JFrame.<init>()V+20 java.desktop@17.0.6
j  quiz.application.Login.<init>()V+1
j  quiz.application.Login.main([Ljava/lang/String;)V+3
v  ~StubRoutines::call_stub

siginfo: EXCEPTION_UNCAUGHT_CXX_EXCEPTION (0xe06d7363), ExceptionInformation=0x0000000019930520 0x00000098cf7fd6c0 0x00007ff9e9b45138 0x00007ff9e9b40000 


Register to memory mapping:

RIP=0x00007ff9f7ff567c KERNELBASE.dll
RAX=0x00000000a74ce2d8 is an oop: java.lang.invoke.LambdaForm 
{0x00000000a74ce2d8} - klass: 'java/lang/invoke/LambdaForm'
 - ---- fields (total size 6 words):
 - final 'arity' 'I' @12  1
 - final 'result' 'I' @16  1
 - private 'invocationCounter' 'I' @20  0
 - final 'forceInline' 'Z' @24  true
 - private 'isCompiled' 'Z' @25  true
 - final 'customized' 'Ljava/lang/invoke/MethodHandle;' @28  NULL (0)
 - final synchronized 'names' '[Ljava/lang/invoke/LambdaForm$Name;' @32  a 'java/lang/invoke/LambdaForm$Name'[2] {0x00000000a74ce320} (a74ce320)
 - final 'kind' 'Ljava/lang/invoke/LambdaForm$Kind;' @36  a 'java/lang/invoke/LambdaForm$Kind'{0x00000000a7431940} (a7431940)
 - 'vmentry' 'Ljava/lang/invoke/MemberName;' @40  a 'java/lang/invoke/MemberName'{0x00000000a74d0cf8} = {method} {0x0000021cf7c0be70} 'invoke' '(Ljava/lang/Object;)Ljava/lang/Object;' in 'java/lang/invoke/LambdaForm$MH+0x00000001000c4c00' (a74d0cf8)
 - volatile 'transformCache' 'Ljava/lang/Object;' @44  NULL (0)
RBX=0x00007ff9e9b45138 jimage.dll
RCX=0x0 is NULL
RDX=0x0000021cdc820fc0 points into unknown readable memory: 0x0000021cdc820cc0 | c0 0c 82 dc 1c 02 00 00
RSP=0x00000098cf7fd560 is pointing into the stack for thread: 0x0000021cdeafbbb0
RBP=0x00000098cf7fd7f0 is pointing into the stack for thread: 0x0000021cdeafbbb0
RSI=0x00000098cf7fd6c0 is pointing into the stack for thread: 0x0000021cdeafbbb0
RDI=0x0000000019930520 is an unknown value
R8 =0x0 is NULL
R9 =0x0000021c8c00078b is an unknown value
R10=0x00007ff9f7fb685b KERNELBASE.dll
R11=0x0000000000000003 is an unknown value
R12=0x000000000000e6ef is an unknown value
R13=0x0000021cf8151f60 points into unknown readable memory: 0x77732f786176616a | 6a 61 76 61 78 2f 73 77
R14=0x0000021cf8786020 points into unknown readable memory: 0x0000000000000000 | 00 00 00 00 00 00 00 00
R15=0x0000021cf8786020 points into unknown readable memory: 0x0000000000000000 | 00 00 00 00 00 00 00 00


Registers:
RAX=0x00000000a74ce2d8, RBX=0x00007ff9e9b45138, RCX=0x0000000000000000, RDX=0x0000021cdc820fc0
RSP=0x00000098cf7fd560, RBP=0x00000098cf7fd7f0, RSI=0x00000098cf7fd6c0, RDI=0x0000000019930520
R8 =0x0000000000000000, R9 =0x0000021c8c00078b, R10=0x00007ff9f7fb685b, R11=0x0000000000000003
R12=0x000000000000e6ef, R13=0x0000021cf8151f60, R14=0x0000021cf8786020, R15=0x0000021cf8786020
RIP=0x00007ff9f7ff567c, EFLAGS=0x0000000000000206

Top of Stack: (sp=0x00000098cf7fd560)
0x00000098cf7fd560:   000000000000001b 00007ff9e9b45138
0x00000098cf7fd570:   00000098cf7fd6c0 00007ff9f83432e6
0x00000098cf7fd580:   00000081e06d7363 0000000000000000
0x00000098cf7fd590:   00007ff9f7ff567c 0000009800000004
0x00000098cf7fd5a0:   0000000019930520 00000098cf7fd6c0
0x00000098cf7fd5b0:   00007ff9e9b45138 00007ff9e9b40000
0x00000098cf7fd5c0:   0000009800000000 00000098cf7fd5f0
0x00000098cf7fd5d0:   0000000000000000 00007ff9e9b45138
0x00000098cf7fd5e0:   0000021cf8786020 00007ff9fac265bf
0x00000098cf7fd5f0:   00000098cf7fd660 00007ff9e9b47000
0x00000098cf7fd600:   00000098cf7fd6c0 0000000019930520
0x00000098cf7fd610:   00007ff9e9b47000 00007ff9e9b40000
0x00000098cf7fd620:   00004fbe57ec1f56 00007ff9f7fb4000
0x00000098cf7fd630:   00007ff9e9b45138 00007ff9d7966220
0x00000098cf7fd640:   0000000000000024 00007ff9bfef0638
0x00000098cf7fd650:   00000098cf7fd6a0 00007ff9f843f550 

Instructions: (pc=0x00007ff9f7ff567c)
0x00007ff9f7ff557c:   ff 4c 8d 05 1c 61 2c 00 33 d2 b9 00 00 10 00 e8
0x00007ff9f7ff558c:   70 92 fd ff 4c 8b f0 48 89 44 24 58 48 85 c0 0f
0x00007ff9f7ff559c:   84 0b fe ff ff 4c 8d 05 10 61 2c 00 33 d2 8d 4a
0x00007ff9f7ff55ac:   02 e8 4e 92 fd ff 48 8b f8 48 89 44 24 50 e9 ed
0x00007ff9f7ff55bc:   fd ff ff 45 33 c0 49 8b d7 48 83 c9 ff e8 42 68
0x00007ff9f7ff55cc:   01 00 e9 08 ff ff ff 48 8b 0d 46 46 2f 00 e8 c1
0x00007ff9f7ff55dc:   10 fd ff 48 8b cf e8 79 ea fb ff e9 f8 fe ff ff
0x00007ff9f7ff55ec:   49 8b ce e8 6c ea fb ff e9 f4 fe ff ff 48 8b ce
0x00007ff9f7ff55fc:   e8 5f ea fb ff e9 f0 fe ff ff cc cc 71 18 d3 7a
0x00007ff9f7ff560c:   1a 87 89 f9 48 81 ec d8 00 00 00 48 8b 05 62 19
0x00007ff9f7ff561c:   2f 00 48 33 c4 48 89 84 24 c0 00 00 00 48 83 64
0x00007ff9f7ff562c:   24 28 00 48 8d 05 da ff ff ff 83 e2 01 89 4c 24
0x00007ff9f7ff563c:   20 89 54 24 24 48 89 44 24 30 4d 85 c9 74 4f b8
0x00007ff9f7ff564c:   0f 00 00 00 48 8d 4c 24 40 44 3b c0 49 8b d1 41
0x00007ff9f7ff565c:   0f 46 c0 44 8b c0 44 89 44 24 38 49 c1 e0 03 e8
0x00007ff9f7ff566c:   77 ec 05 00 48 8d 4c 24 20 48 ff 15 c4 b2 1f 00
0x00007ff9f7ff567c:   0f 1f 44 00 00 48 8b 8c 24 c0 00 00 00 48 33 cc
0x00007ff9f7ff568c:   e8 bf 2f 05 00 48 81 c4 d8 00 00 00 c3 cc 83 64
0x00007ff9f7ff569c:   24 38 00 eb cf cc cc cc cc cc cc cc 48 8b c4 48
0x00007ff9f7ff56ac:   89 58 08 48 89 70 10 48 89 78 18 4c 89 68 20 55
0x00007ff9f7ff56bc:   41 56 41 57 48 8d 68 a1 48 81 ec e0 00 00 00 48
0x00007ff9f7ff56cc:   8b 05 ae 18 2f 00 48 33 c4 48 89 45 3f 45 33 ff
0x00007ff9f7ff56dc:   66 c7 45 2b 00 05 48 8d 45 c7 44 89 7d 27 48 89
0x00007ff9f7ff56ec:   44 24 50 48 8d 4d 27 44 89 7c 24 48 45 33 c9 44
0x00007ff9f7ff56fc:   89 7c 24 40 45 8d 47 12 44 89 7c 24 38 b2 01 44
0x00007ff9f7ff570c:   89 7c 24 30 41 8b df 44 89 7c 24 28 41 8b ff 44
0x00007ff9f7ff571c:   89 7c 24 20 45 8b f7 44 89 7d 2f 66 c7 45 33 00
0x00007ff9f7ff572c:   01 44 89 7d 37 66 c7 45 3b 00 10 4c 89 7d c7 4c
0x00007ff9f7ff573c:   89 7d cf 4c 89 7d d7 4c 89 7d df 48 ff 15 12 b3
0x00007ff9f7ff574c:   1f 00 0f 1f 44 00 00 85 c0 0f 88 a7 02 00 00 48
0x00007ff9f7ff575c:   8d 45 cf 41 b9 20 02 00 00 48 89 44 24 50 45 8d
0x00007ff9f7ff576c:   6f 02 44 89 7c 24 48 45 8d 47 20 44 89 7c 24 40 


Stack slot to memory mapping:
stack at sp + 0 slots: 0x000000000000001b is an unknown value
stack at sp + 1 slots: 0x00007ff9e9b45138 jimage.dll
stack at sp + 2 slots: 0x00000098cf7fd6c0 is pointing into the stack for thread: 0x0000021cdeafbbb0
stack at sp + 3 slots: 0x00007ff9f83432e6 ucrtbase.dll
stack at sp + 4 slots: 0x00000081e06d7363 is an unknown value
stack at sp + 5 slots: 0x0 is NULL
stack at sp + 6 slots: 0x00007ff9f7ff567c KERNELBASE.dll
stack at sp + 7 slots: 0x0000009800000004 is an unknown value


---------------  P R O C E S S  ---------------

Threads class SMR info:
_java_thread_list=0x0000021cf869ba40, length=15, elements={
0x0000021cdeafbbb0, 0x0000021cf779c890, 0x0000021cf779d350, 0x0000021cf77b71e0,
0x0000021cf77af970, 0x0000021cf77b0230, 0x0000021cf77b0af0, 0x0000021cf77b17d0,
0x0000021cf8115a30, 0x0000021cf8116420, 0x0000021cf82910a0, 0x0000021cf82cd010,
0x0000021cf84fe640, 0x0000021cf86d1b00, 0x0000021cf86d1fd0
}

Java Threads: ( => current thread )
=>0x0000021cdeafbbb0 JavaThread "main" [_thread_in_vm, id=12868, stack(0x00000098cf700000,0x00000098cf800000)]
  0x0000021cf779c890 JavaThread "Reference Handler" daemon [_thread_blocked, id=23636, stack(0x00000098cfe00000,0x00000098cff00000)]
  0x0000021cf779d350 JavaThread "Finalizer" daemon [_thread_blocked, id=21024, stack(0x00000098cff00000,0x00000098d0000000)]
  0x0000021cf77b71e0 JavaThread "Signal Dispatcher" daemon [_thread_blocked, id=29212, stack(0x00000098d0000000,0x00000098d0100000)]
  0x0000021cf77af970 JavaThread "Attach Listener" daemon [_thread_blocked, id=21788, stack(0x00000098d0100000,0x00000098d0200000)]
  0x0000021cf77b0230 JavaThread "Service Thread" daemon [_thread_blocked, id=33896, stack(0x00000098d0200000,0x00000098d0300000)]
  0x0000021cf77b0af0 JavaThread "Monitor Deflation Thread" daemon [_thread_blocked, id=29556, stack(0x00000098d0300000,0x00000098d0400000)]
  0x0000021cf77b17d0 JavaThread "C2 CompilerThread0" daemon [_thread_blocked, id=11256, stack(0x00000098d0400000,0x00000098d0500000)]
  0x0000021cf8115a30 JavaThread "C1 CompilerThread0" daemon [_thread_blocked, id=20564, stack(0x00000098d0500000,0x00000098d0600000)]
  0x0000021cf8116420 JavaThread "Sweeper thread" daemon [_thread_blocked, id=31148, stack(0x00000098d0600000,0x00000098d0700000)]
  0x0000021cf82910a0 JavaThread "Notification Thread" daemon [_thread_blocked, id=14028, stack(0x00000098d0700000,0x00000098d0800000)]
  0x0000021cf82cd010 JavaThread "Common-Cleaner" daemon [_thread_blocked, id=33740, stack(0x00000098d0900000,0x00000098d0a00000)]
  0x0000021cf84fe640 JavaThread "Java2D Disposer" daemon [_thread_blocked, id=34600, stack(0x00000098d0a00000,0x00000098d0b00000)]
  0x0000021cf86d1b00 JavaThread "AWT-Shutdown" [_thread_blocked, id=21408, stack(0x00000098d0b00000,0x00000098d0c00000)]
  0x0000021cf86d1fd0 JavaThread "AWT-Windows" daemon [_thread_in_native, id=16432, stack(0x00000098d0c00000,0x00000098d0d00000)]

Other Threads:
  0x0000021cf7761b00 VMThread "VM Thread" [stack: 0x00000098cfd00000,0x00000098cfe00000] [id=15792]
  0x0000021cf8141bf0 WatcherThread [stack: 0x00000098d0800000,0x00000098d0900000] [id=21072]
  0x0000021cdeb47140 GCTaskThread "GC Thread#0" [stack: 0x00000098cf800000,0x00000098cf900000] [id=11984]
  0x0000021cdeb54400 ConcurrentGCThread "G1 Main Marker" [stack: 0x00000098cf900000,0x00000098cfa00000] [id=28936]
  0x0000021cdeb54cb0 ConcurrentGCThread "G1 Conc#0" [stack: 0x00000098cfa00000,0x00000098cfb00000] [id=5756]
  0x0000021cdebbd2b0 ConcurrentGCThread "G1 Refine#0" [stack: 0x00000098cfb00000,0x00000098cfc00000] [id=30184]
  0x0000021cdebbdb70 ConcurrentGCThread "G1 Service" [stack: 0x00000098cfc00000,0x00000098cfd00000] [id=26984]

Threads with active compile tasks:

VM state: not at safepoint (normal execution)

VM Mutex/Monitor currently owned by a thread: None

Heap address: 0x00000000a1600000, size: 1514 MB, Compressed Oops mode: 32-bit

CDS archive(s) not mapped
Compressed class space mapped at: 0x0000000100000000-0x0000000140000000, reserved size: 1073741824
Narrow klass base: 0x0000000000000000, Narrow klass shift: 3, Narrow klass range: 0x140000000

GC Precious Log:
 CPUs: 8 total, 8 available
 Memory: 6055M
 Large Page Support: Disabled
 NUMA Support: Disabled
 Compressed Oops: Enabled (32-bit)
 Heap Region Size: 1M
 Heap Min Capacity: 8M
 Heap Initial Capacity: 96M
 Heap Max Capacity: 1514M
 Pre-touch: Disabled
 Parallel Workers: 8
 Concurrent Workers: 2
 Concurrent Refinement Workers: 8
 Periodic GC: Disabled

Heap:
 garbage-first heap   total 98304K, used 2048K [0x00000000a1600000, 0x0000000100000000)
  region size 1024K, 3 young (3072K), 0 survivors (0K)
 Metaspace       used 9203K, committed 9408K, reserved 1064960K
  class space    used 829K, committed 896K, reserved 1048576K

Heap Regions: E=young(eden), S=young(survivor), O=old, HS=humongous(starts), HC=humongous(continues), CS=collection set, F=free, OA=open archive, CA=closed archive, TAMS=top-at-mark-start (previous, next)
|   0|0x00000000a1600000, 0x00000000a1600000, 0x00000000a1700000|  0%| F|  |TAMS 0x00000000a1600000, 0x00000000a1600000| Untracked 
|   1|0x00000000a1700000, 0x00000000a1700000, 0x00000000a1800000|  0%| F|  |TAMS 0x00000000a1700000, 0x00000000a1700000| Untracked 
|   2|0x00000000a1800000, 0x00000000a1800000, 0x00000000a1900000|  0%| F|  |TAMS 0x00000000a1800000, 0x00000000a1800000| Untracked 
|   3|0x00000000a1900000, 0x00000000a1900000, 0x00000000a1a00000|  0%| F|  |TAMS 0x00000000a1900000, 0x00000000a1900000| Untracked 
|   4|0x00000000a1a00000, 0x00000000a1a00000, 0x00000000a1b00000|  0%| F|  |TAMS 0x00000000a1a00000, 0x00000000a1a00000| Untracked 
|   5|0x00000000a1b00000, 0x00000000a1b00000, 0x00000000a1c00000|  0%| F|  |TAMS 0x00000000a1b00000, 0x00000000a1b00000| Untracked 
|   6|0x00000000a1c00000, 0x00000000a1c00000, 0x00000000a1d00000|  0%| F|  |TAMS 0x00000000a1c00000, 0x00000000a1c00000| Untracked 
|   7|0x00000000a1d00000, 0x00000000a1d00000, 0x00000000a1e00000|  0%| F|  |TAMS 0x00000000a1d00000, 0x00000000a1d00000| Untracked 
|   8|0x00000000a1e00000, 0x00000000a1e00000, 0x00000000a1f00000|  0%| F|  |TAMS 0x00000000a1e00000, 0x00000000a1e00000| Untracked 
|   9|0x00000000a1f00000, 0x00000000a1f00000, 0x00000000a2000000|  0%| F|  |TAMS 0x00000000a1f00000, 0x00000000a1f00000| Untracked 
|  10|0x00000000a2000000, 0x00000000a2000000, 0x00000000a2100000|  0%| F|  |TAMS 0x00000000a2000000, 0x00000000a2000000| Untracked 
|  11|0x00000000a2100000, 0x00000000a2100000, 0x00000000a2200000|  0%| F|  |TAMS 0x00000000a2100000, 0x00000000a2100000| Untracked 
|  12|0x00000000a2200000, 0x00000000a2200000, 0x00000000a2300000|  0%| F|  |TAMS 0x00000000a2200000, 0x00000000a2200000| Untracked 
|  13|0x00000000a2300000, 0x00000000a2300000, 0x00000000a2400000|  0%| F|  |TAMS 0x00000000a2300000, 0x00000000a2300000| Untracked 
|  14|0x00000000a2400000, 0x00000000a2400000, 0x00000000a2500000|  0%| F|  |TAMS 0x00000000a2400000, 0x00000000a2400000| Untracked 
|  15|0x00000000a2500000, 0x00000000a2500000, 0x00000000a2600000|  0%| F|  |TAMS 0x00000000a2500000, 0x00000000a2500000| Untracked 
|  16|0x00000000a2600000, 0x00000000a2600000, 0x00000000a2700000|  0%| F|  |TAMS 0x00000000a2600000, 0x00000000a2600000| Untracked 
|  17|0x00000000a2700000, 0x00000000a2700000, 0x00000000a2800000|  0%| F|  |TAMS 0x00000000a2700000, 0x00000000a2700000| Untracked 
|  18|0x00000000a2800000, 0x00000000a2800000, 0x00000000a2900000|  0%| F|  |TAMS 0x00000000a2800000, 0x00000000a2800000| Untracked 
|  19|0x00000000a2900000, 0x00000000a2900000, 0x00000000a2a00000|  0%| F|  |TAMS 0x00000000a2900000, 0x00000000a2900000| Untracked 
|  20|0x00000000a2a00000, 0x00000000a2a00000, 0x00000000a2b00000|  0%| F|  |TAMS 0x00000000a2a00000, 0x00000000a2a00000| Untracked 
|  21|0x00000000a2b00000, 0x00000000a2b00000, 0x00000000a2c00000|  0%| F|  |TAMS 0x00000000a2b00000, 0x00000000a2b00000| Untracked 
|  22|0x00000000a2c00000, 0x00000000a2c00000, 0x00000000a2d00000|  0%| F|  |TAMS 0x00000000a2c00000, 0x00000000a2c00000| Untracked 
|  23|0x00000000a2d00000, 0x00000000a2d00000, 0x00000000a2e00000|  0%| F|  |TAMS 0x00000000a2d00000, 0x00000000a2d00000| Untracked 
|  24|0x00000000a2e00000, 0x00000000a2e00000, 0x00000000a2f00000|  0%| F|  |TAMS 0x00000000a2e00000, 0x00000000a2e00000| Untracked 
|  25|0x00000000a2f00000, 0x00000000a2f00000, 0x00000000a3000000|  0%| F|  |TAMS 0x00000000a2f00000, 0x00000000a2f00000| Untracked 
|  26|0x00000000a3000000, 0x00000000a3000000, 0x00000000a3100000|  0%| F|  |TAMS 0x00000000a3000000, 0x00000000a3000000| Untracked 
|  27|0x00000000a3100000, 0x00000000a3100000, 0x00000000a3200000|  0%| F|  |TAMS 0x00000000a3100000, 0x00000000a3100000| Untracked 
|  28|0x00000000a3200000, 0x00000000a3200000, 0x00000000a3300000|  0%| F|  |TAMS 0x00000000a3200000, 0x00000000a3200000| Untracked 
|  29|0x00000000a3300000, 0x00000000a3300000, 0x00000000a3400000|  0%| F|  |TAMS 0x00000000a3300000, 0x00000000a3300000| Untracked 
|  30|0x00000000a3400000, 0x00000000a3400000, 0x00000000a3500000|  0%| F|  |TAMS 0x00000000a3400000, 0x00000000a3400000| Untracked 
|  31|0x00000000a3500000, 0x00000000a3500000, 0x00000000a3600000|  0%| F|  |TAMS 0x00000000a3500000, 0x00000000a3500000| Untracked 
|  32|0x00000000a3600000, 0x00000000a3600000, 0x00000000a3700000|  0%| F|  |TAMS 0x00000000a3600000, 0x00000000a3600000| Untracked 
|  33|0x00000000a3700000, 0x00000000a3700000, 0x00000000a3800000|  0%| F|  |TAMS 0x00000000a3700000, 0x00000000a3700000| Untracked 
|  34|0x00000000a3800000, 0x00000000a3800000, 0x00000000a3900000|  0%| F|  |TAMS 0x00000000a3800000, 0x00000000a3800000| Untracked 
|  35|0x00000000a3900000, 0x00000000a3900000, 0x00000000a3a00000|  0%| F|  |TAMS 0x00000000a3900000, 0x00000000a3900000| Untracked 
|  36|0x00000000a3a00000, 0x00000000a3a00000, 0x00000000a3b00000|  0%| F|  |TAMS 0x00000000a3a00000, 0x00000000a3a00000| Untracked 
|  37|0x00000000a3b00000, 0x00000000a3b00000, 0x00000000a3c00000|  0%| F|  |TAMS 0x00000000a3b00000, 0x00000000a3b00000| Untracked 
|  38|0x00000000a3c00000, 0x00000000a3c00000, 0x00000000a3d00000|  0%| F|  |TAMS 0x00000000a3c00000, 0x00000000a3c00000| Untracked 
|  39|0x00000000a3d00000, 0x00000000a3d00000, 0x00000000a3e00000|  0%| F|  |TAMS 0x00000000a3d00000, 0x00000000a3d00000| Untracked 
|  40|0x00000000a3e00000, 0x00000000a3e00000, 0x00000000a3f00000|  0%| F|  |TAMS 0x00000000a3e00000, 0x00000000a3e00000| Untracked 
|  41|0x00000000a3f00000, 0x00000000a3f00000, 0x00000000a4000000|  0%| F|  |TAMS 0x00000000a3f00000, 0x00000000a3f00000| Untracked 
|  42|0x00000000a4000000, 0x00000000a4000000, 0x00000000a4100000|  0%| F|  |TAMS 0x00000000a4000000, 0x00000000a4000000| Untracked 
|  43|0x00000000a4100000, 0x00000000a4100000, 0x00000000a4200000|  0%| F|  |TAMS 0x00000000a4100000, 0x00000000a4100000| Untracked 
|  44|0x00000000a4200000, 0x00000000a4200000, 0x00000000a4300000|  0%| F|  |TAMS 0x00000000a4200000, 0x00000000a4200000| Untracked 
|  45|0x00000000a4300000, 0x00000000a4300000, 0x00000000a4400000|  0%| F|  |TAMS 0x00000000a4300000, 0x00000000a4300000| Untracked 
|  46|0x00000000a4400000, 0x00000000a4400000, 0x00000000a4500000|  0%| F|  |TAMS 0x00000000a4400000, 0x00000000a4400000| Untracked 
|  47|0x00000000a4500000, 0x00000000a4500000, 0x00000000a4600000|  0%| F|  |TAMS 0x00000000a4500000, 0x00000000a4500000| Untracked 
|  48|0x00000000a4600000, 0x00000000a4600000, 0x00000000a4700000|  0%| F|  |TAMS 0x00000000a4600000, 0x00000000a4600000| Untracked 
|  49|0x00000000a4700000, 0x00000000a4700000, 0x00000000a4800000|  0%| F|  |TAMS 0x00000000a4700000, 0x00000000a4700000| Untracked 
|  50|0x00000000a4800000, 0x00000000a4800000, 0x00000000a4900000|  0%| F|  |TAMS 0x00000000a4800000, 0x00000000a4800000| Untracked 
|  51|0x00000000a4900000, 0x00000000a4900000, 0x00000000a4a00000|  0%| F|  |TAMS 0x00000000a4900000, 0x00000000a4900000| Untracked 
|  52|0x00000000a4a00000, 0x00000000a4a00000, 0x00000000a4b00000|  0%| F|  |TAMS 0x00000000a4a00000, 0x00000000a4a00000| Untracked 
|  53|0x00000000a4b00000, 0x00000000a4b00000, 0x00000000a4c00000|  0%| F|  |TAMS 0x00000000a4b00000, 0x00000000a4b00000| Untracked 
|  54|0x00000000a4c00000, 0x00000000a4c00000, 0x00000000a4d00000|  0%| F|  |TAMS 0x00000000a4c00000, 0x00000000a4c00000| Untracked 
|  55|0x00000000a4d00000, 0x00000000a4d00000, 0x00000000a4e00000|  0%| F|  |TAMS 0x00000000a4d00000, 0x00000000a4d00000| Untracked 
|  56|0x00000000a4e00000, 0x00000000a4e00000, 0x00000000a4f00000|  0%| F|  |TAMS 0x00000000a4e00000, 0x00000000a4e00000| Untracked 
|  57|0x00000000a4f00000, 0x00000000a4f00000, 0x00000000a5000000|  0%| F|  |TAMS 0x00000000a4f00000, 0x00000000a4f00000| Untracked 
|  58|0x00000000a5000000, 0x00000000a5000000, 0x00000000a5100000|  0%| F|  |TAMS 0x00000000a5000000, 0x00000000a5000000| Untracked 
|  59|0x00000000a5100000, 0x00000000a5100000, 0x00000000a5200000|  0%| F|  |TAMS 0x00000000a5100000, 0x00000000a5100000| Untracked 
|  60|0x00000000a5200000, 0x00000000a5200000, 0x00000000a5300000|  0%| F|  |TAMS 0x00000000a5200000, 0x00000000a5200000| Untracked 
|  61|0x00000000a5300000, 0x00000000a5300000, 0x00000000a5400000|  0%| F|  |TAMS 0x00000000a5300000, 0x00000000a5300000| Untracked 
|  62|0x00000000a5400000, 0x00000000a5400000, 0x00000000a5500000|  0%| F|  |TAMS 0x00000000a5400000, 0x00000000a5400000| Untracked 
|  63|0x00000000a5500000, 0x00000000a5500000, 0x00000000a5600000|  0%| F|  |TAMS 0x00000000a5500000, 0x00000000a5500000| Untracked 
|  64|0x00000000a5600000, 0x00000000a5600000, 0x00000000a5700000|  0%| F|  |TAMS 0x00000000a5600000, 0x00000000a5600000| Untracked 
|  65|0x00000000a5700000, 0x00000000a5700000, 0x00000000a5800000|  0%| F|  |TAMS 0x00000000a5700000, 0x00000000a5700000| Untracked 
|  66|0x00000000a5800000, 0x00000000a5800000, 0x00000000a5900000|  0%| F|  |TAMS 0x00000000a5800000, 0x00000000a5800000| Untracked 
|  67|0x00000000a5900000, 0x00000000a5900000, 0x00000000a5a00000|  0%| F|  |TAMS 0x00000000a5900000, 0x00000000a5900000| Untracked 
|  68|0x00000000a5a00000, 0x00000000a5a00000, 0x00000000a5b00000|  0%| F|  |TAMS 0x00000000a5a00000, 0x00000000a5a00000| Untracked 
|  69|0x00000000a5b00000, 0x00000000a5b00000, 0x00000000a5c00000|  0%| F|  |TAMS 0x00000000a5b00000, 0x00000000a5b00000| Untracked 
|  70|0x00000000a5c00000, 0x00000000a5c00000, 0x00000000a5d00000|  0%| F|  |TAMS 0x00000000a5c00000, 0x00000000a5c00000| Untracked 
|  71|0x00000000a5d00000, 0x00000000a5d00000, 0x00000000a5e00000|  0%| F|  |TAMS 0x00000000a5d00000, 0x00000000a5d00000| Untracked 
|  72|0x00000000a5e00000, 0x00000000a5e00000, 0x00000000a5f00000|  0%| F|  |TAMS 0x00000000a5e00000, 0x00000000a5e00000| Untracked 
|  73|0x00000000a5f00000, 0x00000000a5f00000, 0x00000000a6000000|  0%| F|  |TAMS 0x00000000a5f00000, 0x00000000a5f00000| Untracked 
|  74|0x00000000a6000000, 0x00000000a6000000, 0x00000000a6100000|  0%| F|  |TAMS 0x00000000a6000000, 0x00000000a6000000| Untracked 
|  75|0x00000000a6100000, 0x00000000a6100000, 0x00000000a6200000|  0%| F|  |TAMS 0x00000000a6100000, 0x00000000a6100000| Untracked 
|  76|0x00000000a6200000, 0x00000000a6200000, 0x00000000a6300000|  0%| F|  |TAMS 0x00000000a6200000, 0x00000000a6200000| Untracked 
|  77|0x00000000a6300000, 0x00000000a6300000, 0x00000000a6400000|  0%| F|  |TAMS 0x00000000a6300000, 0x00000000a6300000| Untracked 
|  78|0x00000000a6400000, 0x00000000a6400000, 0x00000000a6500000|  0%| F|  |TAMS 0x00000000a6400000, 0x00000000a6400000| Untracked 
|  79|0x00000000a6500000, 0x00000000a6500000, 0x00000000a6600000|  0%| F|  |TAMS 0x00000000a6500000, 0x00000000a6500000| Untracked 
|  80|0x00000000a6600000, 0x00000000a6600000, 0x00000000a6700000|  0%| F|  |TAMS 0x00000000a6600000, 0x00000000a6600000| Untracked 
|  81|0x00000000a6700000, 0x00000000a6700000, 0x00000000a6800000|  0%| F|  |TAMS 0x00000000a6700000, 0x00000000a6700000| Untracked 
|  82|0x00000000a6800000, 0x00000000a6800000, 0x00000000a6900000|  0%| F|  |TAMS 0x00000000a6800000, 0x00000000a6800000| Untracked 
|  83|0x00000000a6900000, 0x00000000a6900000, 0x00000000a6a00000|  0%| F|  |TAMS 0x00000000a6900000, 0x00000000a6900000| Untracked 
|  84|0x00000000a6a00000, 0x00000000a6a00000, 0x00000000a6b00000|  0%| F|  |TAMS 0x00000000a6a00000, 0x00000000a6a00000| Untracked 
|  85|0x00000000a6b00000, 0x00000000a6b00000, 0x00000000a6c00000|  0%| F|  |TAMS 0x00000000a6b00000, 0x00000000a6b00000| Untracked 
|  86|0x00000000a6c00000, 0x00000000a6c00000, 0x00000000a6d00000|  0%| F|  |TAMS 0x00000000a6c00000, 0x00000000a6c00000| Untracked 
|  87|0x00000000a6d00000, 0x00000000a6d00000, 0x00000000a6e00000|  0%| F|  |TAMS 0x00000000a6d00000, 0x00000000a6d00000| Untracked 
|  88|0x00000000a6e00000, 0x00000000a6e00000, 0x00000000a6f00000|  0%| F|  |TAMS 0x00000000a6e00000, 0x00000000a6e00000| Untracked 
|  89|0x00000000a6f00000, 0x00000000a6f00000, 0x00000000a7000000|  0%| F|  |TAMS 0x00000000a6f00000, 0x00000000a6f00000| Untracked 
|  90|0x00000000a7000000, 0x00000000a7000000, 0x00000000a7100000|  0%| F|  |TAMS 0x00000000a7000000, 0x00000000a7000000| Untracked 
|  91|0x00000000a7100000, 0x00000000a7100000, 0x00000000a7200000|  0%| F|  |TAMS 0x00000000a7100000, 0x00000000a7100000| Untracked 
|  92|0x00000000a7200000, 0x00000000a7200000, 0x00000000a7300000|  0%| F|  |TAMS 0x00000000a7200000, 0x00000000a7200000| Untracked 
|  93|0x00000000a7300000, 0x00000000a73ec0e0, 0x00000000a7400000| 92%| E|  |TAMS 0x00000000a7300000, 0x00000000a7300000| Complete 
|  94|0x00000000a7400000, 0x00000000a7500000, 0x00000000a7500000|100%| E|CS|TAMS 0x00000000a7400000, 0x00000000a7400000| Complete 
|  95|0x00000000a7500000, 0x00000000a7600000, 0x00000000a7600000|100%| E|CS|TAMS 0x00000000a7500000, 0x00000000a7500000| Complete 

Card table byte_map: [0x0000021cf17e0000,0x0000021cf1ae0000] _byte_map_base: 0x0000021cf12d5000

Marking Bits (Prev, Next): (CMBitMap*) 0x0000021cdeb475f0, (CMBitMap*) 0x0000021cdeb47630
 Prev Bits: [0x0000021cf1de0000, 0x0000021cf3588000)
 Next Bits: [0x0000021cf3590000, 0x0000021cf4d38000)

Polling page: 0x0000021cde2c0000

Metaspace:

Usage:
  Non-class:      8.18 MB used.
      Class:    829.37 KB used.
       Both:      8.99 MB used.

Virtual space:
  Non-class space:       16.00 MB reserved,       8.31 MB ( 52%) committed,  2 nodes.
      Class space:        1.00 GB reserved,     896.00 KB ( <1%) committed,  1 nodes.
             Both:        1.02 GB reserved,       9.19 MB ( <1%) committed. 

Chunk freelists:
   Non-Class:  3.00 MB
       Class:  3.09 MB
        Both:  6.09 MB

MaxMetaspaceSize: unlimited
CompressedClassSpaceSize: 1.00 GB
Initial GC threshold: 21.00 MB
Current GC threshold: 21.00 MB
CDS: off
MetaspaceReclaimPolicy: balanced
 - commit_granule_bytes: 65536.
 - commit_granule_words: 8192.
 - virtual_space_node_default_size: 1048576.
 - enlarge_chunks_in_place: 1.
 - new_chunks_are_fully_committed: 0.
 - uncommit_free_chunks: 1.
 - use_allocation_guard: 0.
 - handle_deallocations: 1.


Internal statistics:

num_allocs_failed_limit: 0.
num_arena_births: 74.
num_arena_deaths: 0.
num_vsnodes_births: 3.
num_vsnodes_deaths: 0.
num_space_committed: 147.
num_space_uncommitted: 0.
num_chunks_returned_to_freelist: 0.
num_chunks_taken_from_freelist: 115.
num_chunk_merges: 0.
num_chunk_splits: 58.
num_chunks_enlarged: 21.
num_purges: 0.
num_inconsistent_stats: 0.

CodeHeap 'non-profiled nmethods': size=120000Kb used=99Kb max_used=99Kb free=119900Kb
 bounds [0x0000021ce9c80000, 0x0000021ce9ef0000, 0x0000021cf11b0000]
CodeHeap 'profiled nmethods': size=120000Kb used=433Kb max_used=433Kb free=119566Kb
 bounds [0x0000021ce21b0000, 0x0000021ce2420000, 0x0000021ce96e0000]
CodeHeap 'non-nmethods': size=5760Kb used=1164Kb max_used=1174Kb free=4595Kb
 bounds [0x0000021ce96e0000, 0x0000021ce9950000, 0x0000021ce9c80000]
 total_blobs=779 nmethods=320 adapters=372
 compilation: enabled
              stopped_count=0, restarted_count=0
 full_count=0

Compilation events (20 events):
Event: 0.310 Thread 0x0000021cf8115a30  311       3       java.util.HashMap$HashIterator::hasNext (13 bytes)
Event: 0.310 Thread 0x0000021cf8115a30 nmethod 311 0x0000021ce2217b90 code [0x0000021ce2217d20, 0x0000021ce2217e98]
Event: 0.310 Thread 0x0000021cf8115a30  312       3       java.util.HashMap$HashIterator::nextNode (100 bytes)
Event: 0.310 Thread 0x0000021cf8115a30 nmethod 312 0x0000021ce2217f10 code [0x0000021ce2218100, 0x0000021ce2218638]
Event: 0.310 Thread 0x0000021cf8115a30  313       3       java.util.AbstractSet::<init> (5 bytes)
Event: 0.310 Thread 0x0000021cf8115a30 nmethod 313 0x0000021ce2218810 code [0x0000021ce22189c0, 0x0000021ce2218b78]
Event: 0.310 Thread 0x0000021cf8115a30  314       3       java.util.HashSet::add (20 bytes)
Event: 0.310 Thread 0x0000021cf8115a30 nmethod 314 0x0000021ce2218c90 code [0x0000021ce2218e40, 0x0000021ce2218fe8]
Event: 0.310 Thread 0x0000021cf8115a30  315       1       java.util.concurrent.atomic.AtomicInteger::get (5 bytes)
Event: 0.310 Thread 0x0000021cf8115a30 nmethod 315 0x0000021ce9c98b90 code [0x0000021ce9c98d20, 0x0000021ce9c98df8]
Event: 0.311 Thread 0x0000021cf8115a30  316       3       java.util.IdentityHashMap$IdentityHashMapIterator::hasNext (50 bytes)
Event: 0.311 Thread 0x0000021cf8115a30 nmethod 316 0x0000021ce2219090 code [0x0000021ce2219240, 0x0000021ce2219498]
Event: 0.311 Thread 0x0000021cf8115a30  317       3       java.util.HashMap::resize (356 bytes)
Event: 0.312 Thread 0x0000021cf8115a30 nmethod 317 0x0000021ce2219590 code [0x0000021ce2219840, 0x0000021ce221ac88]
Event: 0.313 Thread 0x0000021cf8115a30  318       3       java.util.ArrayList$Itr::hasNext (20 bytes)
Event: 0.313 Thread 0x0000021cf8115a30 nmethod 318 0x0000021ce221b110 code [0x0000021ce221b2a0, 0x0000021ce221b418]
Event: 0.314 Thread 0x0000021cf8115a30  319       3       java.lang.String::getBytes (44 bytes)
Event: 0.314 Thread 0x0000021cf8115a30 nmethod 319 0x0000021ce221b510 code [0x0000021ce221b6e0, 0x0000021ce221b9d8]
Event: 0.314 Thread 0x0000021cf8115a30  320       3       sun.awt.AppContext::getAppContext (51 bytes)
Event: 0.315 Thread 0x0000021cf8115a30 nmethod 320 0x0000021ce221bb10 code [0x0000021ce221bd40, 0x0000021ce221c468]

GC Heap History (0 events):
No events

Dll operation events (3 events):
Event: 0.009 Loaded shared library D:\Software\eclipse-jee-2023-03-R-win32-x86_64\eclipse\plugins\org.eclipse.justj.openjdk.hotspot.jre.full.win32.x86_64_17.0.6.v20230204-1729\jre\bin\java.dll
Event: 0.112 Loaded shared library D:\Software\eclipse-jee-2023-03-R-win32-x86_64\eclipse\plugins\org.eclipse.justj.openjdk.hotspot.jre.full.win32.x86_64_17.0.6.v20230204-1729\jre\bin\jimage.dll
Event: 0.149 Loaded shared library D:\Software\eclipse-jee-2023-03-R-win32-x86_64\eclipse\plugins\org.eclipse.justj.openjdk.hotspot.jre.full.win32.x86_64_17.0.6.v20230204-1729\jre\bin\awt.dll

Deoptimization events (0 events):
No events

Classes unloaded (0 events):
No events

Classes redefined (0 events):
No events

Internal exceptions (5 events):
Event: 0.135 Thread 0x0000021cdeafbbb0 Exception <a 'java/lang/ClassNotFoundException'{0x00000000a74428a0}: sun/awt/resources/spi/awtProvider> (0x00000000a74428a0) 
thrown [s\src\hotspot\share\classfile\systemDictionary.cpp, line 256]
Event: 0.173 Thread 0x0000021cdeafbbb0 Exception <a 'java/io/FileNotFoundException'{0x00000000a749d308}> (0x00000000a749d308) 
thrown [s\src\hotspot\share\prims\jni.cpp, line 516]
Event: 0.179 Thread 0x0000021cdeafbbb0 Exception <a 'java/io/FileNotFoundException'{0x00000000a74ca2a0}> (0x00000000a74ca2a0) 
thrown [s\src\hotspot\share\prims\jni.cpp, line 516]
Event: 0.230 Thread 0x0000021cdeafbbb0 Exception <a 'java/lang/NoSuchMethodError'{0x00000000a731bf88}: 'java.lang.Object java.lang.invoke.DirectMethodHandle$Holder.invokeStaticInit(java.lang.Object)'> (0x00000000a731bf88) 
thrown [s\src\hotspot\share\interpreter\linkResolver.cpp, line 759]
Event: 0.313 Thread 0x0000021cdeafbbb0 Exception <a 'java/lang/NoSuchMethodError'{0x00000000a7365e50}: 'void java.lang.invoke.DirectMethodHandle$Holder.invokeSpecial(java.lang.Object, java.lang.Object, java.lang.Object)'> (0x00000000a7365e50) 
thrown [s\src\hotspot\share\interpreter\linkResolver.cpp, line 759]

VM Operations (0 events):
No events

Events (20 events):
Event: 0.312 loading class java/awt/font/FontRenderContext
Event: 0.312 loading class java/awt/font/FontRenderContext done
Event: 0.312 loading class sun/swing/StringUIClientPropertyKey
Event: 0.312 loading class javax/swing/UIClientPropertyKey
Event: 0.312 loading class javax/swing/UIClientPropertyKey done
Event: 0.312 loading class sun/swing/StringUIClientPropertyKey done
Event: 0.312 loading class sun/swing/SwingUtilities2$LSBCacheEntry
Event: 0.312 loading class sun/swing/SwingUtilities2$LSBCacheEntry done
Event: 0.312 loading class javax/swing/UIManager$LAFState
Event: 0.312 loading class javax/swing/UIManager$LAFState done
Event: 0.312 loading class javax/swing/UIDefaults
Event: 0.312 loading class javax/swing/UIDefaults done
Event: 0.313 loading class javax/swing/MultiUIDefaults
Event: 0.313 loading class javax/swing/MultiUIDefaults done
Event: 0.313 loading class sun/swing/SwingAccessor$UIDefaultsAccessor
Event: 0.313 loading class sun/swing/SwingAccessor$UIDefaultsAccessor done
Event: 0.314 loading class javax/swing/UIManager$1
Event: 0.314 loading class javax/swing/UIManager$1 done
Event: 0.314 loading class javax/swing/plaf/metal/MetalLookAndFeel
Event: 0.315 loading class javax/swing/plaf/basic/BasicLookAndFeel


Dynamic libraries:
0x00007ff6e41c0000 - 0x00007ff6e41ce000 	D:\Software\eclipse-jee-2023-03-R-win32-x86_64\eclipse\plugins\org.eclipse.justj.openjdk.hotspot.jre.full.win32.x86_64_17.0.6.v20230204-1729\jre\bin\javaw.exe
0x00007ff9fabb0000 - 0x00007ff9fadc7000 	C:\WINDOWS\SYSTEM32\ntdll.dll
0x00007ff9f9260000 - 0x00007ff9f9324000 	C:\WINDOWS\System32\KERNEL32.DLL
0x00007ff9f7f90000 - 0x00007ff9f8336000 	C:\WINDOWS\System32\KERNELBASE.dll
0x00007ff9f8340000 - 0x00007ff9f8451000 	C:\WINDOWS\System32\ucrtbase.dll
0x00007ff9d7960000 - 0x00007ff9d7979000 	D:\Software\eclipse-jee-2023-03-R-win32-x86_64\eclipse\plugins\org.eclipse.justj.openjdk.hotspot.jre.full.win32.x86_64_17.0.6.v20230204-1729\jre\bin\VCRUNTIME140.dll
0x00007ff9d79c0000 - 0x00007ff9d79d7000 	D:\Software\eclipse-jee-2023-03-R-win32-x86_64\eclipse\plugins\org.eclipse.justj.openjdk.hotspot.jre.full.win32.x86_64_17.0.6.v20230204-1729\jre\bin\jli.dll
0x00007ff9f8fd0000 - 0x00007ff9f917e000 	C:\WINDOWS\System32\USER32.dll
0x00007ff9db720000 - 0x00007ff9db9b3000 	C:\WINDOWS\WinSxS\amd64_microsoft.windows.common-controls_6595b64144ccf1df_6.0.22621.2506_none_270c5ae97388e100\COMCTL32.dll
0x00007ff9f88d0000 - 0x00007ff9f88f6000 	C:\WINDOWS\System32\win32u.dll
0x00007ff9f9230000 - 0x00007ff9f9259000 	C:\WINDOWS\System32\GDI32.dll
0x00007ff9f8900000 - 0x00007ff9f89a7000 	C:\WINDOWS\System32\msvcrt.dll
0x00007ff9f8710000 - 0x00007ff9f8828000 	C:\WINDOWS\System32\gdi32full.dll
0x00007ff9f8830000 - 0x00007ff9f88ca000 	C:\WINDOWS\System32\msvcp_win.dll
0x00007ff9f9330000 - 0x00007ff9f9361000 	C:\WINDOWS\System32\IMM32.DLL
0x00007ff9e7b30000 - 0x00007ff9e7b3c000 	D:\Software\eclipse-jee-2023-03-R-win32-x86_64\eclipse\plugins\org.eclipse.justj.openjdk.hotspot.jre.full.win32.x86_64_17.0.6.v20230204-1729\jre\bin\vcruntime140_1.dll
0x00007ff9c6460000 - 0x00007ff9c64f1000 	D:\Software\eclipse-jee-2023-03-R-win32-x86_64\eclipse\plugins\org.eclipse.justj.openjdk.hotspot.jre.full.win32.x86_64_17.0.6.v20230204-1729\jre\bin\msvcp140.dll
0x00007ff96e630000 - 0x00007ff96f277000 	D:\Software\eclipse-jee-2023-03-R-win32-x86_64\eclipse\plugins\org.eclipse.justj.openjdk.hotspot.jre.full.win32.x86_64_17.0.6.v20230204-1729\jre\bin\server\jvm.dll
0x00007ff9fa6e0000 - 0x00007ff9fa791000 	C:\WINDOWS\System32\ADVAPI32.dll
0x00007ff9fa630000 - 0x00007ff9fa6d5000 	C:\WINDOWS\System32\sechost.dll
0x00007ff9fa510000 - 0x00007ff9fa627000 	C:\WINDOWS\System32\RPCRT4.dll
0x00007ff9f0cc0000 - 0x00007ff9f0cca000 	C:\WINDOWS\SYSTEM32\VERSION.dll
0x00007ff9f1e00000 - 0x00007ff9f1e34000 	C:\WINDOWS\SYSTEM32\WINMM.dll
0x00007ff9db430000 - 0x00007ff9db439000 	C:\WINDOWS\SYSTEM32\WSOCK32.dll
0x00007ff9fa2b0000 - 0x00007ff9fa321000 	C:\WINDOWS\System32\WS2_32.dll
0x00007ff9f6f20000 - 0x00007ff9f6f38000 	C:\WINDOWS\SYSTEM32\kernel.appcore.dll
0x00007ff9e9b40000 - 0x00007ff9e9b4a000 	D:\Software\eclipse-jee-2023-03-R-win32-x86_64\eclipse\plugins\org.eclipse.justj.openjdk.hotspot.jre.full.win32.x86_64_17.0.6.v20230204-1729\jre\bin\jimage.dll
0x00007ff9e8900000 - 0x00007ff9e8b33000 	C:\WINDOWS\SYSTEM32\DBGHELP.DLL
0x00007ff9f9500000 - 0x00007ff9f9889000 	C:\WINDOWS\System32\combase.dll
0x00007ff9fa330000 - 0x00007ff9fa407000 	C:\WINDOWS\System32\OLEAUT32.dll
0x00007ff9e85c0000 - 0x00007ff9e85f2000 	C:\WINDOWS\SYSTEM32\dbgcore.DLL
0x00007ff9f85d0000 - 0x00007ff9f864a000 	C:\WINDOWS\System32\bcryptPrimitives.dll
0x00007ff9d20a0000 - 0x00007ff9d20c5000 	D:\Software\eclipse-jee-2023-03-R-win32-x86_64\eclipse\plugins\org.eclipse.justj.openjdk.hotspot.jre.full.win32.x86_64_17.0.6.v20230204-1729\jre\bin\java.dll
0x00007ff9d79e0000 - 0x00007ff9d79f8000 	D:\Software\eclipse-jee-2023-03-R-win32-x86_64\eclipse\plugins\org.eclipse.justj.openjdk.hotspot.jre.full.win32.x86_64_17.0.6.v20230204-1729\jre\bin\zip.dll
0x00007ff9f9890000 - 0x00007ff9fa0ea000 	C:\WINDOWS\System32\SHELL32.dll
0x00007ff9f5e40000 - 0x00007ff9f6736000 	C:\WINDOWS\SYSTEM32\windows.storage.dll
0x00007ff9f5d00000 - 0x00007ff9f5e3e000 	C:\WINDOWS\SYSTEM32\wintypes.dll
0x00007ff9f9370000 - 0x00007ff9f9463000 	C:\WINDOWS\System32\SHCORE.dll
0x00007ff9f8f40000 - 0x00007ff9f8f9e000 	C:\WINDOWS\System32\shlwapi.dll
0x00007ff9f7e50000 - 0x00007ff9f7e76000 	C:\WINDOWS\SYSTEM32\profapi.dll
0x00007ff9bfde0000 - 0x00007ff9bff6e000 	D:\Software\eclipse-jee-2023-03-R-win32-x86_64\eclipse\plugins\org.eclipse.justj.openjdk.hotspot.jre.full.win32.x86_64_17.0.6.v20230204-1729\jre\bin\awt.dll
0x00007ff9f5290000 - 0x00007ff9f5327000 	C:\WINDOWS\SYSTEM32\apphelp.dll
0x00007ff9f57a0000 - 0x00007ff9f57cb000 	C:\WINDOWS\system32\DWMAPI.DLL
0x00007ff9f5460000 - 0x00007ff9f550b000 	C:\WINDOWS\system32\uxtheme.dll
0x00007ff9a67d0000 - 0x00007ff9a68d0000 	C:\WINDOWS\system32\opengl32.dll
0x00007ff9ac710000 - 0x00007ff9ac73d000 	C:\WINDOWS\SYSTEM32\GLU32.dll
0x00007ff9f5560000 - 0x00007ff9f5596000 	C:\WINDOWS\SYSTEM32\dxcore.dll
0x00007ff9fa100000 - 0x00007ff9fa250000 	C:\WINDOWS\System32\MSCTF.dll
0x00007ff9fa7a0000 - 0x00007ff9fa940000 	C:\WINDOWS\System32\ole32.dll
0x00007ff9a62d0000 - 0x00007ff9a6479000 	C:\WINDOWS\system32\d3d9.dll
0x00007ff9e4e70000 - 0x00007ff9e502b000 	C:\WINDOWS\System32\DriverStore\FileRepository\u0389648.inf_amd64_00a4b5829b82c480\B385477\aticfx64.dll
0x00007ff9cd1a0000 - 0x00007ff9cd1d4000 	C:\WINDOWS\System32\DriverStore\FileRepository\u0389648.inf_amd64_00a4b5829b82c480\B385477\atiu9p64.dll
0x00007ff982fc0000 - 0x00007ff983d15000 	C:\WINDOWS\System32\DriverStore\FileRepository\u0389648.inf_amd64_00a4b5829b82c480\B385477\atiumd64.dll
0x00007ff9e21c0000 - 0x00007ff9e21f5000 	C:\WINDOWS\SYSTEM32\amdihk64.dll
0x00007ff9e6f60000 - 0x00007ff9e6faa000 	C:\WINDOWS\SYSTEM32\directxdatabasehelper.dll

dbghelp: loaded successfully - version: 4.0.5 - missing functions: none
symbol engine: initialized successfully - sym options: 0x614 - pdb path: .;D:\Software\eclipse-jee-2023-03-R-win32-x86_64\eclipse\plugins\org.eclipse.justj.openjdk.hotspot.jre.full.win32.x86_64_17.0.6.v20230204-1729\jre\bin;C:\WINDOWS\SYSTEM32;C:\WINDOWS\WinSxS\amd64_microsoft.windows.common-controls_6595b64144ccf1df_6.0.22621.2506_none_270c5ae97388e100;D:\Software\eclipse-jee-2023-03-R-win32-x86_64\eclipse\plugins\org.eclipse.justj.openjdk.hotspot.jre.full.win32.x86_64_17.0.6.v20230204-1729\jre\bin\server;C:\WINDOWS\System32\DriverStore\FileRepository\u0389648.inf_amd64_00a4b5829b82c480\B385477

VM Arguments:
jvm_args: -Dfile.encoding=UTF-8 -XX:+ShowCodeDetailsInExceptionMessages 
java_command: quiz.application.Login
java_class_path (initial): D:\java\Quiz Application\bin
Launcher Type: SUN_STANDARD

[Global flags]
     intx CICompilerCount                          = 4                                         {product} {ergonomic}
     uint ConcGCThreads                            = 2                                         {product} {ergonomic}
     uint G1ConcRefinementThreads                  = 8                                         {product} {ergonomic}
   size_t G1HeapRegionSize                         = 1048576                                   {product} {ergonomic}
    uintx GCDrainStackTargetSize                   = 64                                        {product} {ergonomic}
   size_t InitialHeapSize                          = 100663296                                 {product} {ergonomic}
   size_t MarkStackSize                            = 4194304                                   {product} {ergonomic}
   size_t MaxHeapSize                              = 1587544064                                {product} {ergonomic}
   size_t MaxNewSize                               = 952107008                                 {product} {ergonomic}
   size_t MinHeapDeltaBytes                        = 1048576                                   {product} {ergonomic}
   size_t MinHeapSize                              = 8388608                                   {product} {ergonomic}
    uintx NonNMethodCodeHeapSize                   = 5839372                                {pd product} {ergonomic}
    uintx NonProfiledCodeHeapSize                  = 122909434                              {pd product} {ergonomic}
    uintx ProfiledCodeHeapSize                     = 122909434                              {pd product} {ergonomic}
    uintx ReservedCodeCacheSize                    = 251658240                              {pd product} {ergonomic}
     bool SegmentedCodeCache                       = true                                      {product} {ergonomic}
     bool ShowCodeDetailsInExceptionMessages       = true                                   {manageable} {command line}
   size_t SoftMaxHeapSize                          = 1587544064                             {manageable} {ergonomic}
     bool UseCompressedClassPointers               = true                           {product lp64_product} {ergonomic}
     bool UseCompressedOops                        = true                           {product lp64_product} {ergonomic}
     bool UseG1GC                                  = true                                      {product} {ergonomic}
     bool UseLargePagesIndividualAllocation        = false                                  {pd product} {ergonomic}

Logging:
Log output configuration:
 #0: stdout all=warning uptime,level,tags
 #1: stderr all=off uptime,level,tags

Environment Variables:
PATH=D:/Software/eclipse-jee-2023-03-R-win32-x86_64/eclipse//plugins/org.eclipse.justj.openjdk.hotspot.jre.full.win32.x86_64_17.0.6.v20230204-1729/jre/bin/server;D:/Software/eclipse-jee-2023-03-R-win32-x86_64/eclipse//plugins/org.eclipse.justj.openjdk.hotspot.jre.full.win32.x86_64_17.0.6.v20230204-1729/jre/bin;C:\Program Files (x86)\VMware\VMware Workstation\bin\;D:\oracle\product\10.2.0\db_5\bin;D:\oracle\product\10.2.0\db_4\bin;D:\oracle\product\10.2.0\db_1\bin;C:\Program Files\Common Files\Oracle\Java\javapath;C:\WINDOWS\system32;C:\WINDOWS;C:\WINDOWS\System32\Wbem;C:\WINDOWS\System32\WindowsPowerShell\v1.0\;C:\WINDOWS\System32\OpenSSH\;C:\Program Files\Java\jdk-18\bin;C:\Program Files\MySQL\MySQL Server 8.0\bin;C:\Program Files\Git\cmd;C:\Program Files\MySQL\MySQL Shell 8.0\bin\;C:\Users\ankur\AppData\Local\Microsoft\WindowsApps;;C:\Users\ankur\AppData\Local\Programs\Microsoft VS Code\bin;C:\Program Files\JetBrains\IntelliJ IDEA Community Edition 2022.1\bin;;D:\Software\eclipse-jee-2023-03-R-win32-x86_64\eclipse;
USERNAME=ankur
OS=Windows_NT
PROCESSOR_IDENTIFIER=AMD64 Family 23 Model 24 Stepping 1, AuthenticAMD
TMP=C:\Users\ankur\AppData\Local\Temp
TEMP=C:\Users\ankur\AppData\Local\Temp



---------------  S Y S T E M  ---------------

OS:
 Windows 11 , 64 bit Build 22621 (10.0.22621.2506)
OS uptime: 13 days 1:28 hours

CPU: total 8 (initial active 8) (8 cores per cpu, 2 threads per core) family 23 model 24 stepping 1 microcode 0x0, cx8, cmov, fxsr, ht, mmx, 3dnowpref, sse, sse2, sse3, ssse3, sse4a, sse4.1, sse4.2, popcnt, lzcnt, tsc, tscinvbit, avx, avx2, aes, clmul, bmi1, bmi2, adx, sha, fma, vzeroupper, clflush, clflushopt

Memory: 4k page, system-wide physical 6055M (316M free)
TotalPageFile size 24487M (AvailPageFile size 2M)
current process WorkingSet (physical memory assigned to process): 46M, peak: 46M
current process commit charge ("private bytes"): 179M, peak: 186M

vm_info: OpenJDK 64-Bit Server VM (17.0.6+10) for windows-amd64 JRE (17.0.6+10), built on Jan 18 2023 10:08:59 by "temurin" with MS VC++ 16.7 (VS2019)

END.
